[debug] [2022-06-11T11:53:33.895Z] ----------------------------------------------------------------------
[debug] [2022-06-11T11:53:33.903Z] Command:       C:\Program Files\nodejs\node.exe C:\Users\yash champaneri\AppData\Roaming\npm\node_modules\firebase-tools\lib\bin\firebase.js emulators:start
[debug] [2022-06-11T11:53:33.906Z] CLI Version:   11.0.1
[debug] [2022-06-11T11:53:33.906Z] Platform:      win32
[debug] [2022-06-11T11:53:33.907Z] Node Version:  v17.5.0
[debug] [2022-06-11T11:53:33.910Z] Time:          Sat Jun 11 2022 17:23:33 GMT+0530 (India Standard Time)
[debug] [2022-06-11T11:53:33.911Z] ----------------------------------------------------------------------
[debug] 
[debug] [2022-06-11T11:53:34.210Z] > command requires scopes: ["email","openid","https://www.googleapis.com/auth/cloudplatformprojects.readonly","https://www.googleapis.com/auth/firebase","https://www.googleapis.com/auth/cloud-platform"]
[debug] [2022-06-11T11:53:34.211Z] > authorizing via signed-in user (yash14champs@gmail.com)
[info] i  emulators: Starting emulators: functions, hosting {"metadata":{"emulator":{"name":"hub"},"message":"Starting emulators: functions, hosting"}}
[debug] [2022-06-11T11:53:34.441Z] [hub] writing locator at C:\Users\YASHCH~1\AppData\Local\Temp\hub-projectone-32958.json
[warn] !  functions: The following emulators are not running, calls to these services from the Functions emulator will affect production: auth, firestore, database, pubsub, storage {"metadata":{"emulator":{"name":"functions"},"message":"The following emulators are not running, calls to these services from the Functions emulator will affect production: \u001b[1mauth, firestore, database, pubsub, storage\u001b[22m"}}
[warn] !  Your requested "node" version "16" doesn't match your global version "17". Using node@17 from host. {"metadata":{"emulator":{"name":"functions"},"message":"Your requested \"node\" version \"16\" doesn't match your global version \"17\". Using node@17 from host."}}
[debug] [2022-06-11T11:53:34.720Z] defaultcredentials: writing to file C:\Users\yash champaneri\AppData\Roaming\firebase\yash14champs_gmail_com_application_default_credentials.json
[debug] [2022-06-11T11:53:34.774Z] Setting GAC to C:\Users\yash champaneri\AppData\Roaming\firebase\yash14champs_gmail_com_application_default_credentials.json {"metadata":{"emulator":{"name":"functions"},"message":"Setting GAC to C:\\Users\\yash champaneri\\AppData\\Roaming\\firebase\\yash14champs_gmail_com_application_default_credentials.json"}}
[debug] [2022-06-11T11:53:34.781Z] > refreshing access token with scopes: []
[debug] [2022-06-11T11:53:34.783Z] >>> HTTP REQUEST POST https://www.googleapis.com/oauth2/v3/token  
 <request body omitted>
[debug] [2022-06-11T11:53:35.059Z] <<< HTTP RESPONSE 200 {"date":"Sat, 11 Jun 2022 11:53:27 GMT","expires":"Mon, 01 Jan 1990 00:00:00 GMT","cache-control":"no-cache, no-store, max-age=0, must-revalidate","pragma":"no-cache","content-type":"application/json; charset=utf-8","vary":"X-Origin, Referer, Origin,Accept-Encoding","server":"scaffolding on HTTPServer2","x-xss-protection":"0","x-frame-options":"SAMEORIGIN","x-content-type-options":"nosniff","alt-svc":"h3=\":443\"; ma=2592000,h3-29=\":443\"; ma=2592000,h3-Q050=\":443\"; ma=2592000,h3-Q046=\":443\"; ma=2592000,h3-Q043=\":443\"; ma=2592000,quic=\":443\"; ma=2592000; v=\"46,43\"","accept-ranges":"none","transfer-encoding":"chunked"}
[debug] [2022-06-11T11:53:35.307Z] >>> [apiv2][query] GET https://firebase.googleapis.com/v1beta1/projects/projectone-32958/adminSdkConfig [none]
[debug] [2022-06-11T11:53:35.910Z] <<< [apiv2][status] GET https://firebase.googleapis.com/v1beta1/projects/projectone-32958/adminSdkConfig 200
[debug] [2022-06-11T11:53:35.910Z] <<< [apiv2][body] GET https://firebase.googleapis.com/v1beta1/projects/projectone-32958/adminSdkConfig {"projectId":"projectone-32958","storageBucket":"projectone-32958.appspot.com","locationId":"us-central"}
[debug] [2022-06-11T11:53:36.027Z] >>> [apiv2][query] GET https://firebasehosting.googleapis.com/v1beta1/projects/projectone-32958/sites 
[debug] [2022-06-11T11:53:37.880Z] <<< [apiv2][status] GET https://firebasehosting.googleapis.com/v1beta1/projects/projectone-32958/sites 200
[debug] [2022-06-11T11:53:37.881Z] <<< [apiv2][body] GET https://firebasehosting.googleapis.com/v1beta1/projects/projectone-32958/sites {"sites":[{"name":"projects/projectone-32958/sites/projectone-32958","defaultUrl":"https://projectone-32958.web.app","type":"DEFAULT_SITE"}]}
[debug] [2022-06-11T11:53:37.881Z] >>> [apiv2][query] GET https://firebase.googleapis.com/v1beta1/projects/projectone-32958/webApps/-/config [none]
[debug] [2022-06-11T11:53:38.903Z] <<< [apiv2][status] GET https://firebase.googleapis.com/v1beta1/projects/projectone-32958/webApps/-/config 200
[debug] [2022-06-11T11:53:38.903Z] <<< [apiv2][body] GET https://firebase.googleapis.com/v1beta1/projects/projectone-32958/webApps/-/config {"projectId":"projectone-32958","appId":"1:363919468778:web:15acb8f6b8697de7050f93","storageBucket":"projectone-32958.appspot.com","locationId":"us-central","apiKey":"AIzaSyBJ4gCPoZRHg-LpiB2n_qoUzsXH9j4fUTw","authDomain":"projectone-32958.firebaseapp.com","messagingSenderId":"363919468778","measurementId":"G-KQ6ZS7VDDT"}
[info] i  hosting: Serving hosting files from: build {"metadata":{"emulator":{"name":"hosting"},"message":"Serving hosting files from: \u001b[1mbuild\u001b[22m"}}
[info] +  hosting: Local server: http://localhost:5000 {"metadata":{"emulator":{"name":"hosting"},"message":"Local server: \u001b[4m\u001b[1mhttp://localhost:5000\u001b[22m\u001b[24m"}}
[debug] [2022-06-11T11:53:39.700Z] Ignoring unsupported arg: auto_download {"metadata":{"emulator":{"name":"ui"},"message":"Ignoring unsupported arg: auto_download"}}
[debug] [2022-06-11T11:53:39.701Z] Ignoring unsupported arg: port {"metadata":{"emulator":{"name":"ui"},"message":"Ignoring unsupported arg: port"}}
[debug] [2022-06-11T11:53:39.701Z] Starting Emulator UI with command {"binary":"node","args":["--dns-result-order=ipv4first","C:\\Users\\yash champaneri\\.cache\\firebase\\emulators\\ui-v1.7.0\\server.bundle.js"],"optionalArgs":[],"joinArgs":false} {"metadata":{"emulator":{"name":"ui"},"message":"Starting Emulator UI with command {\"binary\":\"node\",\"args\":[\"--dns-result-order=ipv4first\",\"C:\\\\Users\\\\yash champaneri\\\\.cache\\\\firebase\\\\emulators\\\\ui-v1.7.0\\\\server.bundle.js\"],\"optionalArgs\":[],\"joinArgs\":false}"}}
[info] i  ui: Emulator UI logging to ui-debug.log {"metadata":{"emulator":{"name":"ui"},"message":"Emulator UI logging to \u001b[1mui-debug.log\u001b[22m"}}
[debug] [2022-06-11T11:53:40.061Z] Web / API server started at localhost:4000
 {"metadata":{"emulator":{"name":"ui"},"message":"Web / API server started at localhost:4000\n"}}
[info] i  functions: Watching "C:\Users\yash champaneri\Desktop\Green_Flask_Ecommerce_website-master\functions" for Cloud Functions... {"metadata":{"emulator":{"name":"functions"},"message":"Watching \"C:\\Users\\yash champaneri\\Desktop\\Green_Flask_Ecommerce_website-master\\functions\" for Cloud Functions..."}}
[debug] [2022-06-11T11:53:40.288Z] Validating nodejs source
[debug] [2022-06-11T11:54:05.072Z] > [functions] package.json contents: {
  "name": "functions",
  "description": "Cloud Functions for Firebase",
  "scripts": {
    "lint": "eslint .",
    "serve": "firebase emulators:start --only functions",
    "shell": "firebase functions:shell",
    "start": "npm run shell",
    "deploy": "firebase deploy --only functions",
    "logs": "firebase functions:log"
  },
  "engines": {
    "node": "16"
  },
  "main": "index.js",
  "dependencies": {
    "firebase-admin": "^10.0.2",
    "firebase-functions": "^3.18.0"
  },
  "devDependencies": {
    "eslint": "^8.9.0",
    "eslint-config-google": "^0.14.0",
    "firebase-functions-test": "^0.2.0"
  },
  "private": true
}
[debug] [2022-06-11T11:54:05.078Z] Building nodejs source
[debug] [2022-06-11T11:54:05.079Z] Analyzing nodejs backend spec
[debug] [2022-06-11T11:54:05.088Z] Could not find functions.yaml. Must use http discovery
